C:\USERS\JUN\DESKTOP\CS EXERCISES\TRIE_TREE\TRIE_TREE\RELEASE\TRIE.OBJ
C:\USERS\JUN\DESKTOP\CS EXERCISES\TRIE_TREE\TRIE_TREE\RELEASE\DRIVER.OBJ
C:\USERS\JUN\DESKTOP\CS EXERCISES\TRIE_TREE\TRIE_TREE\RELEASE\VC110.PDB
C:\USERS\JUN\DESKTOP\CS EXERCISES\TRIE_TREE\RELEASE\TRIE_TREE.EXE
C:\USERS\JUN\DESKTOP\CS EXERCISES\TRIE_TREE\RELEASE\TRIE_TREE.PDB
C:\Users\Jun\Desktop\CS exercises\TRIE_TREE\TRIE_TREE\Release\driver.obj
C:\Users\Jun\Desktop\CS exercises\TRIE_TREE\TRIE_TREE\Release\trie.obj
C:\Users\Jun\Desktop\CS exercises\TRIE_TREE\TRIE_TREE\Release\cl.command.1.tlog
C:\Users\Jun\Desktop\CS exercises\TRIE_TREE\TRIE_TREE\Release\CL.read.1.tlog
C:\Users\Jun\Desktop\CS exercises\TRIE_TREE\TRIE_TREE\Release\CL.write.1.tlog
C:\Users\Jun\Desktop\CS exercises\TRIE_TREE\TRIE_TREE\Release\link-cvtres.read.1.tlog
C:\Users\Jun\Desktop\CS exercises\TRIE_TREE\TRIE_TREE\Release\link-cvtres.write.1.tlog
C:\Users\Jun\Desktop\CS exercises\TRIE_TREE\TRIE_TREE\Release\link-rc.read.1.tlog
C:\Users\Jun\Desktop\CS exercises\TRIE_TREE\TRIE_TREE\Release\link-rc.write.1.tlog
C:\Users\Jun\Desktop\CS exercises\TRIE_TREE\TRIE_TREE\Release\link.command.1.tlog
C:\Users\Jun\Desktop\CS exercises\TRIE_TREE\TRIE_TREE\Release\link.read.1.tlog
C:\Users\Jun\Desktop\CS exercises\TRIE_TREE\TRIE_TREE\Release\link.write.1.tlog
C:\Users\Jun\Desktop\CS exercises\TRIE_TREE\TRIE_TREE\Release\vc110.pdb
C:\Users\Jun\Desktop\CS exercises\TRIE_TREE\Release\TRIE_TREE.pdb
C:\Users\Jun\Desktop\CS exercises\TRIE_TREE\Release\TRIE_TREE.exe
