C:\USERS\JUN\DESKTOP\CS EXERCISES\TRIE_TREE\TRIE_TREE\DEBUG\DRIVER.OBJ
C:\USERS\JUN\DESKTOP\CS EXERCISES\TRIE_TREE\TRIE_TREE\DEBUG\TRIE.OBJ
C:\USERS\JUN\DESKTOP\CS EXERCISES\TRIE_TREE\TRIE_TREE\DEBUG\VC110.PDB
C:\USERS\JUN\DESKTOP\CS EXERCISES\TRIE_TREE\DEBUG\TRIE_TREE.ILK
C:\USERS\JUN\DESKTOP\CS EXERCISES\TRIE_TREE\DEBUG\TRIE_TREE.EXE
C:\USERS\JUN\DESKTOP\CS EXERCISES\TRIE_TREE\DEBUG\TRIE_TREE.PDB
C:\Users\Jun\Desktop\CS exercises\TRIE_TREE\TRIE_TREE\Debug\driver.obj
C:\Users\Jun\Desktop\CS exercises\TRIE_TREE\TRIE_TREE\Debug\trie.obj
C:\Users\Jun\Desktop\CS exercises\TRIE_TREE\TRIE_TREE\Debug\cl.command.1.tlog
C:\Users\Jun\Desktop\CS exercises\TRIE_TREE\TRIE_TREE\Debug\CL.read.1.tlog
C:\Users\Jun\Desktop\CS exercises\TRIE_TREE\TRIE_TREE\Debug\CL.write.1.tlog
C:\Users\Jun\Desktop\CS exercises\TRIE_TREE\TRIE_TREE\Debug\link-cvtres.read.1.tlog
C:\Users\Jun\Desktop\CS exercises\TRIE_TREE\TRIE_TREE\Debug\link-cvtres.write.1.tlog
C:\Users\Jun\Desktop\CS exercises\TRIE_TREE\TRIE_TREE\Debug\link-rc.read.1.tlog
C:\Users\Jun\Desktop\CS exercises\TRIE_TREE\TRIE_TREE\Debug\link-rc.write.1.tlog
C:\Users\Jun\Desktop\CS exercises\TRIE_TREE\TRIE_TREE\Debug\link.command.1.tlog
C:\Users\Jun\Desktop\CS exercises\TRIE_TREE\TRIE_TREE\Debug\link.read.1.tlog
C:\Users\Jun\Desktop\CS exercises\TRIE_TREE\TRIE_TREE\Debug\link.write.1.tlog
C:\Users\Jun\Desktop\CS exercises\TRIE_TREE\TRIE_TREE\Debug\vc110.idb
C:\Users\Jun\Desktop\CS exercises\TRIE_TREE\TRIE_TREE\Debug\vc110.pdb
C:\Users\Jun\Desktop\CS exercises\TRIE_TREE\Debug\TRIE_TREE.pdb
C:\Users\Jun\Desktop\CS exercises\TRIE_TREE\Debug\TRIE_TREE.exe
C:\Users\Jun\Desktop\CS exercises\TRIE_TREE\Debug\TRIE_TREE.ilk
